<?xml version="1.0" encoding="UTF-8"?><testsuite errors="0" failures="0" name="io.swagger.petstore.petstoreinfo.PetsCrudWithSteps" skipped="0" tests="4" time="6.3" timestamp="2023-01-10T21:50:44.977+10:00[Australia/Brisbane]"><testcase classname="io.swagger.petstore.petstoreinfo.PetsCrudWithSteps" name="This method will create new record of Pet"/><testcase classname="io.swagger.petstore.petstoreinfo.PetsCrudWithSteps" name="This method will fetch existing record of Pet"/><testcase classname="io.swagger.petstore.petstoreinfo.PetsCrudWithSteps" name="This method will update an existing record of Pet"/><testcase classname="io.swagger.petstore.petstoreinfo.PetsCrudWithSteps" name="This method will delete an existing record of Pet"/></testsuite>